<?xml version="1.0" encoding="UTF-8"?>
<!-- Generated by org.testng.reporters.JUnitXMLReporter -->
<testsuite ignored="0" hostname="MSI" failures="0" tests="8" name="LoginTest" time="25.011" errors="0" timestamp="2024-09-11T11:16:52 IST">
  <testcase classname="LoginTest" name="LoginWithValidCredentials" time="0.903"/>
  <testcase classname="LoginTest" name="LoginWithInValidUsernameAndValidPassword" time="0.731"/>
  <testcase classname="LoginTest" name="LoginWithValidUsernameAndInValidPassword" time="1.516"/>
  <testcase classname="LoginTest" name="LoginWithInValidUsernameAndInValidPassword" time="1.285"/>
  <testcase classname="LoginTest" name="LoginWithEmptyFieldUsernameAndValidPassword" time="0.321"/>
  <testcase classname="LoginTest" name="LoginWithValidUsernameAndEmptyFieldPassword" time="0.652"/>
  <testcase classname="LoginTest" name="LoginWithEmptyUsernameAndPasswordFields" time="0.569"/>
  <testcase classname="LoginTest" name="LoginWithSpecialCharacters" time="0.684"/>
</testsuite> <!-- LoginTest -->
